[0m2021.10.30 16:52:04 INFO  Started: Metals version 0.10.8 in workspace 'C:\Users\abehs\OneDrive\@Academics\btrois_epfl\cs107. Intro to prog\Fingerprint' for client Visual Studio Code 1.61.2.[0m
[0m2021.10.30 16:52:05 INFO  time: initialize in 0.84s[0m
[0m2021.10.30 16:52:06 WARN  Build server is not auto-connectable.[0m
[0m2021.10.30 16:52:06 WARN  no build target for: C:\Users\abehs\Desktop\boudin.scala[0m
[0m2021.10.30 16:52:13 INFO  no build target: using presentation compiler with only scala-library: 3.1.0[0m
[0m2021.10.30 16:55:35 INFO  shutting down Metals[0m
[0m2021.10.30 16:56:22 INFO  Started: Metals version 0.10.8 in workspace 'C:\Users\abehs\OneDrive\@Academics\btrois_epfl\cs107. Intro to prog\Fingerprint' for client Visual Studio Code 1.61.2.[0m
[0m2021.10.30 16:56:24 INFO  time: initialize in 1.31s[0m
[0m2021.10.30 16:56:25 WARN  Build server is not auto-connectable.[0m
[0m2021.10.30 16:56:26 WARN  no build target for: C:\Users\abehs\Desktop\boudin.scala[0m
[0m2021.10.30 16:56:26 INFO  skipping build import with status 'Requested'[0m
[0m2021.10.30 16:56:32 INFO  no build target: using presentation compiler with only scala-library: 3.1.0[0m
[0m2021.10.30 16:56:35 INFO  time: code lens generation in 7.68s[0m
[0m2021.10.30 16:56:35 INFO  time: code lens generation in 9.42s[0m
[0m2021.10.30 16:56:47 WARN  Build server is not auto-connectable.[0m
[0m2021.10.30 16:58:03 INFO  shutting down Metals[0m
[0m2021.10.30 16:59:03 INFO  Started: Metals version 0.10.8 in workspace 'C:\Users\abehs\OneDrive\@Academics\btrois_epfl\cs107. Intro to prog\Fingerprint' for client Visual Studio Code 1.61.2.[0m
[0m2021.10.30 16:59:04 INFO  time: initialize in 1.15s[0m
[0m2021.10.30 16:59:05 WARN  Build server is not auto-connectable.[0m
[0m2021.10.30 16:59:05 WARN  no build target for: C:\Users\abehs\Desktop\boudin.scala[0m
[0m2021.10.30 16:59:06 INFO  skipping build import with status 'Requested'[0m
[0m2021.10.30 16:59:12 INFO  no build target: using presentation compiler with only scala-library: 3.1.0[0m
[0m2021.10.30 16:59:16 INFO  running 'C:\Users\abehs\AppData\Local\Temp\metals2824535119269370316\gradlew.bat --console=plain --init-script C:\Users\abehs\AppData\Local\Temp\metals2824535119269370316\init-script.gradle bloopInstall'[0m
[0m2021.10.30 16:59:16 INFO  Downloading https://services.gradle.org/distributions/gradle-5.3.1-bin.zip[0m
[0m2021.10.30 16:59:18 INFO  time: code lens generation in 12s[0m
[0m2021.10.30 16:59:18 INFO  time: code lens generation in 7.27s[0m
[0m2021.10.30 16:59:51 INFO  ...................................................................................[0m
[0m2021.10.30 16:59:54 INFO  [0m
[0m2021.10.30 16:59:54 INFO  Welcome to Gradle 5.3.1![0m
[0m2021.10.30 16:59:54 INFO  [0m
[0m2021.10.30 16:59:54 INFO  Here are the highlights of this release:[0m
[0m2021.10.30 16:59:54 INFO   - Feature variants AKA "optional dependencies"[0m
[0m2021.10.30 16:59:54 INFO   - Type-safe accessors in Kotlin precompiled script plugins[0m
[0m2021.10.30 16:59:54 INFO   - Gradle Module Metadata 1.0[0m
[0m2021.10.30 16:59:54 INFO  [0m
[0m2021.10.30 16:59:54 INFO  For more details see https://docs.gradle.org/5.3.1/release-notes.html[0m
[0m2021.10.30 16:59:54 INFO  [0m
[0m2021.10.30 16:59:54 INFO  Starting a Gradle Daemon (subsequent builds will be faster)[0m
oct. 30, 2021 4:59:55 PM org.eclipse.lsp4j.jsonrpc.RemoteEndpoint handleCancellation
AVERTISSEMENT: Unmatched cancel notification for request id 18
[0m2021.10.30 17:00:20 INFO  > Task :configureBloopInstall[0m
[0m2021.10.30 17:00:20 INFO  > Task :bloopInstall[0m
[0m2021.10.30 17:00:20 INFO  [0m
[0m2021.10.30 17:00:20 INFO  BUILD SUCCESSFUL in 1m 4s[0m
[0m2021.10.30 17:00:20 INFO  2 actionable tasks: 2 executed[0m
[0m2021.10.30 17:00:21 INFO  time: ran 'gradle bloopInstall' in 1m4s[0m
[0m2021.10.30 17:00:21 INFO  Attempting to connect to the build server...[0m
Starting the bsp launcher for bloop...
Opening a bsp server connection with 'bsp --protocol tcp --port 29945'...
Waiting for the bsp connection to come up...
Waiting for the bsp connection to come up...
Waiting for the bsp connection to come up...
Waiting for the bsp connection to come up...
[0m2021.10.30 17:00:27 WARN  no build target for: C:\Users\abehs\Desktop\boudin.scala[0m
Waiting for the bsp connection to come up...
Waiting for the bsp connection to come up...
Waiting for the bsp connection to come up...
Waiting for the bsp connection to come up...
Waiting for the bsp connection to come up...
Waiting for the bsp connection to come up...
[0m2021.10.30 17:00:39 WARN  no build target for: C:\Users\abehs\Desktop\boudin.scala[0m
Waiting for the bsp connection to come up...
Waiting for the bsp connection to come up...
Waiting for the bsp connection to come up...
No server running at 127.0.0.1:8212, let's fire one...
Resolving ch.epfl.scala:bloop-frontend_2.12:1.4.10-8-8d1cbc4f...
Starting bloop server at 127.0.0.1:8212...
Attempting a connection to the server...
[0m[32m[D][0m Loading 1 projects from 'c:\Users\abehs\OneDrive\@Academics\btrois_epfl\cs107. Intro to prog\Fingerprint\.bloop'...
[0m[32m[D][0m Loading project from 'c:\Users\abehs\OneDrive\@Academics\btrois_epfl\cs107. Intro to prog\Fingerprint\.bloop\Fingerprint.json'
[0m[32m[D][0m Missing analysis file for project 'Fingerprint'
[0m[32m[D][0m Waiting for a connection at 127.0.0.1:29945...
The server is listening for incoming connections at tcp://127.0.0.1:29945...
Starting thread that pumps stdin and redirects it to the bsp server...
Starting thread that pumps server stdout and redirects it to the client stdout...
[0m2021.10.30 17:00:48 INFO  tracing is disabled for protocol BSP, to enable tracing of incoming and outgoing JSON messages create an empty file at C:\Users\abehs\AppData\Local\scalameta\metals\cache\bsp.trace.json[0m
[0m2021.10.30 17:00:48 INFO  time: Connected to build server in 28s[0m
[0m2021.10.30 17:00:48 INFO  Connected to Build server: Bloop v1.4.10-8-8d1cbc4f[0m
[0m2021.10.30 17:00:49 INFO  time: Imported build in 0.17s[0m
[0m2021.10.30 17:00:50 WARN  Could not find java sources in None. Java symbols will not be available.[0m
[0m2021.10.30 17:00:50 INFO  time: indexed workspace in 1.05s[0m
[0m2021.10.30 17:00:50 WARN  no build target for: C:\Users\abehs\Desktop\boudin.scala[0m
[0m2021.10.30 17:00:52 INFO  no build target: using presentation compiler with only scala-library: 3.1.0[0m
oct. 30, 2021 5:00:52 PM org.eclipse.lsp4j.jsonrpc.RemoteEndpoint handleCancellation
AVERTISSEMENT: Unmatched cancel notification for request id 105
oct. 30, 2021 5:00:52 PM org.eclipse.lsp4j.jsonrpc.RemoteEndpoint handleCancellation
AVERTISSEMENT: Unmatched cancel notification for request id 107
[0m2021.10.30 17:00:52 WARN  no build target for: C:\Users\abehs\Desktop\boudin.scala[0m
[0m2021.10.30 17:01:07 WARN  no build target for: C:\Users\abehs\Desktop\boudin.scala[0m
[0m2021.10.30 17:04:24 INFO  [0m
[0m2021.10.30 17:04:24 INFO  Template applied in C:\Users\abehs\OneDrive\@Academics\.\boudin[0m
[0m2021.10.30 17:04:24 INFO  [0m
[0m2021.10.30 17:04:24 INFO  time: ran 'giter8.Giter8' in 8.76s[0m
[0m2021.10.30 17:09:26 INFO  shutting down Metals[0m
[0m2021.10.30 17:09:26 INFO  Shut down connection with build server.[0m
No more data in the client stdin, exiting...
